<?xml version="1.0" encoding="UTF-8"?>
<!-- Generated by org.testng.reporters.JUnitReportReporter -->
<testsuite hostname="DESKTOP-LHTHNQR" failures="0" tests="2" name="testng.TestNGClass" time="0.041" errors="0" timestamp="2024-09-02T18:15:56 IST" skipped="0">
  <testcase classname="testng.TestNGClass" name="demoTest" time="0.037"/>
  <system-out>
    <![CDATA[Hello Test NG]]>
  </system-out>
  <testcase classname="testng.TestNGClass" name="demoTest1" time="0.004"/>
  <system-out>
    <![CDATA[Welcome to marven]]>
  </system-out>
</testsuite> <!-- testng.TestNGClass -->
